<?xml version="1.0" encoding="UTF-8"?>
<testsuite name="ConversorTest" tests="6" skipped="0" failures="0" errors="0" timestamp="2022-10-15T18:14:49" hostname="pc" time="0.038">
  <properties/>
  <testcase name="deFahrenheitAKelvin()" classname="ConversorTest" time="0.03"/>
  <testcase name="deCelciusPositivoAKelvin()" classname="ConversorTest" time="0.001"/>
  <testcase name="deCelciusNegativoAFahrenheit()" classname="ConversorTest" time="0.0"/>
  <testcase name="deCelciusNegativoAKelvin()" classname="ConversorTest" time="0.001"/>
  <testcase name="deFahrenheitACelcius()" classname="ConversorTest" time="0.0"/>
  <testcase name="deCelciusPositivoAFahrenheit()" classname="ConversorTest" time="0.001"/>
  <system-out><![CDATA[]]></system-out>
  <system-err><![CDATA[]]></system-err>
</testsuite>
